Initial learning rate: 0.045
Traceback (most recent call last):
  File "./inception.py", line 299, in <module>
    run()
  File "./inception.py", line 202, in run
    train(train_loader, model, criterion, optimizer, epoch)
  File "./inception.py", line 87, in train
    output, aux_output = model(images)
  File "/mpcdf/soft/SLE_15/packages/skylake/pytorch/gpu-cuda-11.2/anaconda_3_2020.02-2020.02/1.8.1/lib/python3.7/site-packages/torch/nn/modules/module.py", line 889, in _call_impl
    result = self.forward(*input, **kwargs)
  File "/mpcdf/soft/SLE_15/packages/skylake/pytorch/gpu-cuda-11.2/anaconda_3_2020.02-2020.02/1.8.1/lib/python3.7/site-packages/torchvision/models/inception.py", line 204, in forward
    x, aux = self._forward(x)
  File "/mpcdf/soft/SLE_15/packages/skylake/pytorch/gpu-cuda-11.2/anaconda_3_2020.02-2020.02/1.8.1/lib/python3.7/site-packages/torchvision/models/inception.py", line 147, in _forward
    x = self.Conv2d_2b_3x3(x)
  File "/mpcdf/soft/SLE_15/packages/skylake/pytorch/gpu-cuda-11.2/anaconda_3_2020.02-2020.02/1.8.1/lib/python3.7/site-packages/torch/nn/modules/module.py", line 889, in _call_impl
    result = self.forward(*input, **kwargs)
  File "/mpcdf/soft/SLE_15/packages/skylake/pytorch/gpu-cuda-11.2/anaconda_3_2020.02-2020.02/1.8.1/lib/python3.7/site-packages/torchvision/models/inception.py", line 477, in forward
    x = self.bn(x)
  File "/mpcdf/soft/SLE_15/packages/skylake/pytorch/gpu-cuda-11.2/anaconda_3_2020.02-2020.02/1.8.1/lib/python3.7/site-packages/torch/nn/modules/module.py", line 889, in _call_impl
    result = self.forward(*input, **kwargs)
  File "/mpcdf/soft/SLE_15/packages/skylake/pytorch/gpu-cuda-11.2/anaconda_3_2020.02-2020.02/1.8.1/lib/python3.7/site-packages/torch/nn/modules/batchnorm.py", line 140, in forward
    self.weight, self.bias, bn_training, exponential_average_factor, self.eps)
  File "/mpcdf/soft/SLE_15/packages/skylake/pytorch/gpu-cuda-11.2/anaconda_3_2020.02-2020.02/1.8.1/lib/python3.7/site-packages/torch/nn/functional.py", line 2150, in batch_norm
    input, weight, bias, running_mean, running_var, training, momentum, eps, torch.backends.cudnn.enabled
RuntimeError: cuDNN error: CUDNN_STATUS_NOT_SUPPORTED. This error may appear if you passed in a non-contiguous input.
srun: error: ravg1110: task 4: Exited with exit code 1
srun: Terminating job step 588378.0
slurmstepd: error: *** STEP 588378.0 ON ravg1093 CANCELLED AT 2021-08-12T00:47:08 ***
srun: error: ravg1194: task 28: Terminated
srun: error: ravg1162: task 11: Terminated
srun: error: ravg1191: task 23: Terminated
srun: error: ravg1186: task 19: Terminated
srun: error: ravg1196: task 35: Terminated
srun: error: ravg1110: task 5: Terminated
srun: error: ravg1192: tasks 25,27: Terminated
srun: error: ravg1185: tasks 12-13: Terminated
srun: error: ravg1200: task 37: Terminated
srun: error: ravg1191: tasks 20-21: Terminated
srun: error: ravg1194: task 31: Terminated
srun: error: ravg1186: tasks 16-17: Terminated
srun: error: ravg1162: tasks 8,10: Terminated
srun: error: ravg1110: task 6: Terminated
srun: error: ravg1093: tasks 0,2-3: Terminated
srun: error: ravg1196: tasks 33-34: Terminated
srun: error: ravg1200: tasks 36,39: Terminated
srun: error: ravg1194: task 29: Terminated
srun: error: ravg1185: task 15: Terminated
srun: error: ravg1192: task 26: Terminated
srun: error: ravg1110: task 7: Terminated
srun: error: ravg1186: task 18: Terminated
srun: error: ravg1191: task 22: Terminated
srun: error: ravg1194: task 30: Terminated
srun: error: ravg1196: task 32: Terminated
srun: error: ravg1200: task 38: Terminated
srun: error: ravg1192: task 24: Terminated
srun: error: ravg1185: task 14: Terminated
srun: error: ravg1162: task 9: Terminated
srun: error: ravg1093: task 1: Terminated
srun: Force Terminated job step 588378.0
                                  
================================= 
Global information about the job: 
================================= 
  
Job owner: wero(42999)
Job name:  job.sh
Node list: ravg[1093,1110,1162,1185-1186,1191-1192,1194,1196,1200]
Job start: Thu Aug 12 00:40:30 CEST 2021
Job end:   Thu Aug 12 00:47:09 CEST 2021
Work dir:  /raven/ptmp/wero/inception
Command:   /raven/ptmp/wero/inception/job.sh
  
  
  
==========================================================================================
Information on jobsteps (Note: MaxRSS/AveRSS is the maximum/average over all 
tasks of the per-task memory high-water marks; cf. "man sacct"): 
==========================================================================================
  
       JobID    JobName NNodes NTasks  NCPUS       MaxRSS       AveRSS    Elapsed ExitCode 
------------ ---------- ------ ------ ------ ------------ ------------ ---------- -------- 
588378           job.sh     10          1440                             00:06:39     15:0 
588378.0         python     10     40    640     6459.85M     6005.99M   00:06:36     0:15 
  
Maximum memory per node: 26.4596 GB (defined as MaxRSS*Ntasks/NNodes)
CPU utilization: 29.7 %
     
